[2021-04-10 21:23:15 : INFO] - Could not find file for image: ID=325, file=/var/www/html/wp-content/uploads/2020/12/Artboard-1.jpg 
[2021-04-10 21:23:15 : INFO] - Could not find file for image: ID=324, file=/var/www/html/wp-content/uploads/2020/12/back.jpeg 
[2021-04-10 21:23:15 : INFO] - Could not find file for image: ID=323, file=/var/www/html/wp-content/uploads/2020/12/eybl.jpg 
[2021-04-10 21:23:15 : INFO] - Could not find file for image: ID=322, file=/var/www/html/wp-content/uploads/2020/12/Screenshot-from-2021-03-04-17-36-55.png 
[2021-04-10 21:23:15 : INFO] - Could not find file for image: ID=320, file=/var/www/html/wp-content/uploads/2020/12/Normatecwidepic-2.jpg 
[2021-04-10 21:23:15 : INFO] - Could not find file for image: ID=319, file=/var/www/html/wp-content/uploads/2020/12/1_mk1-6aYaf_Bes1E3Imhc0A-3.jpeg 
[2021-04-10 21:23:15 : INFO] - Could not find file for image: ID=312, file=/var/www/html/wp-content/uploads/2020/12/college-logo.png 
[2021-04-10 21:23:15 : INFO] - Could not find file for image: ID=311, file=/var/www/html/wp-content/uploads/2020/12/dp.png 
[2021-04-10 21:23:15 : INFO] - Could not find file for image: ID=282, file=/var/www/html/wp-content/uploads/2020/12/Eng3-NanoVi-Device-preview.png 
[2021-04-10 21:23:15 : INFO] - Could not find file for image: ID=241, file=/var/www/html/wp-content/uploads/2020/12/Screenshot-from-2020-04-21-17-23-37.png 
[2021-04-10 21:23:15 : INFO] - Could not find file for image: ID=240, file=/var/www/html/wp-content/uploads/2020/12/Screenshot-from-2021-03-04-17-36-55.png 
[2021-04-10 21:23:15 : INFO] - Could not find file for image: ID=237, file=/var/www/html/wp-content/uploads/2020/12/banner05-1.png 
[2021-04-10 21:23:15 : INFO] - Could not find file for image: ID=233, file=/var/www/html/wp-content/uploads/2020/12/banner-coming-soon.png 
[2021-04-10 21:23:15 : INFO] - Could not find file for image: ID=229, file=/var/www/html/wp-content/uploads/2020/12/banner07.png 
[2021-04-10 21:23:15 : INFO] - Could not find file for image: ID=228, file=/var/www/html/wp-content/uploads/2020/12/banner05.png 
[2021-04-10 21:23:15 : INFO] - Could not find file for image: ID=227, file=/var/www/html/wp-content/uploads/2020/12/banner01-2.png 
[2021-04-10 21:23:15 : INFO] - Could not find file for image: ID=226, file=/var/www/html/wp-content/uploads/2020/12/banner01-1.png 
[2021-04-10 21:23:15 : INFO] - Could not find file for image: ID=224, file=/var/www/html/wp-content/uploads/2021/03/banner07.png 
[2021-04-10 21:23:15 : INFO] - Could not find file for image: ID=223, file=/var/www/html/wp-content/uploads/2021/03/banner-coming-soon.png 
[2021-04-10 21:23:15 : INFO] - Could not find file for image: ID=222, file=/var/www/html/wp-content/uploads/2021/03/banner05.png 
[2021-04-10 21:23:15 : INFO] - Could not find file for image: ID=221, file=/var/www/html/wp-content/uploads/2021/03/dp03.png 
[2021-04-10 21:23:15 : INFO] - Could not find file for image: ID=220, file=/var/www/html/wp-content/uploads/2021/03/dp02.png 
[2021-04-10 21:23:15 : INFO] - Could not find file for image: ID=214, file=/var/www/html/wp-content/uploads/2020/12/dp.png 
[2021-04-10 21:23:15 : INFO] - Could not find file for image: ID=212, file=/var/www/html/wp-content/uploads/2020/12/1_mk1-6aYaf_Bes1E3Imhc0A-3.jpeg 
[2021-04-10 21:23:15 : INFO] - Could not find file for image: ID=209, file=/var/www/html/wp-content/uploads/2020/12/banner04.png 
[2021-04-10 21:23:15 : INFO] - Could not find file for image: ID=208, file=/var/www/html/wp-content/uploads/2020/12/banner01-1.jpg 
[2021-04-10 21:23:15 : INFO] - Could not find file for image: ID=207, file=/var/www/html/wp-content/uploads/2020/12/banner06-1.png 
[2021-04-10 21:23:15 : INFO] - Could not find file for image: ID=206, file=/var/www/html/wp-content/uploads/2020/12/banner06.png 
[2021-04-10 21:23:15 : INFO] - Could not find file for image: ID=204, file=/var/www/html/wp-content/uploads/2020/12/banner-coming-soon.png 
[2021-04-10 21:23:15 : INFO] - Could not find file for image: ID=203, file=/var/www/html/wp-content/uploads/2020/12/image.png 
[2021-04-10 21:23:15 : INFO] - Could not find file for image: ID=201, file=/var/www/html/wp-content/uploads/2020/12/dp03.png 
[2021-04-10 21:23:15 : INFO] - Could not find file for image: ID=200, file=/var/www/html/wp-content/uploads/2020/12/1f44d.png 
[2021-04-10 21:23:15 : INFO] - Could not find file for image: ID=199, file=/var/www/html/wp-content/uploads/2020/12/Screenshot-from-2021-01-29-06-12-51-2.png 
[2021-04-10 21:23:15 : INFO] - Could not find file for image: ID=197, file=/var/www/html/wp-content/uploads/2020/12/Screenshot-from-2021-02-12-18-30-23-2.png 
[2021-04-10 21:23:15 : INFO] - Could not find file for image: ID=195, file=/var/www/html/wp-content/uploads/2020/12/Screenshot-from-2021-02-12-18-30-23-1.png 
[2021-04-10 21:23:15 : INFO] - Could not find file for image: ID=184, file=/var/www/html/wp-content/uploads/2021/02/dp03.png 
[2021-04-10 21:23:15 : INFO] - Could not find file for image: ID=183, file=/var/www/html/wp-content/uploads/2021/02/dp02.png 
[2021-04-10 21:23:15 : INFO] - Could not find file for image: ID=181, file=/var/www/html/wp-content/uploads/2020/12/https-_specials-images.forbesimg.com_imageserve_5ec593cc431fb70007482137_0x0.jpgbackground000000cropX11321cropX23300cropY1114cropY22093-10.jpeg 
[2021-04-10 21:23:15 : INFO] - Could not find file for image: ID=180, file=/var/www/html/wp-content/uploads/2020/12/storm_the_city.jpg 
[2021-04-10 21:23:15 : INFO] - Could not find file for image: ID=179, file=/var/www/html/wp-content/uploads/2020/12/WIN_20200817_15_42_52_Pro-12.jpg 
[2021-04-10 21:23:15 : INFO] - Could not find file for image: ID=177, file=/var/www/html/wp-content/uploads/2020/12/https-_specials-images.forbesimg.com_imageserve_5ec593cc431fb70007482137_0x0.jpgbackground000000cropX11321cropX23300cropY1114cropY22093-3.jpeg 
[2021-04-10 21:23:15 : INFO] - Could not find file for image: ID=170, file=/var/www/html/wp-content/uploads/2020/12/banner06.png 
[2021-04-10 21:23:15 : INFO] - Could not find file for image: ID=163, file=/var/www/html/wp-content/uploads/2020/12/WIN_20200817_15_42_52_Pro-11.jpg 
[2021-04-10 21:23:15 : INFO] - Could not find file for image: ID=161, file=/var/www/html/wp-content/uploads/2020/12/WIN_20200817_15_42_52_Pro-10.jpg 
[2021-04-10 21:23:15 : INFO] - Could not find file for image: ID=160, file=/var/www/html/wp-content/uploads/2020/12/WIN_20200817_15_42_52_Pro-9.jpg 
[2021-04-10 21:23:15 : INFO] - Could not find file for image: ID=151, file=/var/www/html/wp-content/uploads/2020/12/WIN_20200817_15_42_52_Pro-7.jpg 
[2021-04-10 21:23:15 : INFO] - Could not find file for image: ID=150, file=/var/www/html/wp-content/uploads/2020/12/WIN_20200817_15_42_52_Pro-6.jpg 
[2021-04-10 21:23:15 : INFO] - Could not find file for image: ID=142, file=/var/www/html/wp-content/uploads/2020/12/banner04.png 
[2021-04-10 21:23:15 : INFO] - Could not find file for image: ID=141, file=/var/www/html/wp-content/uploads/2020/12/WIN_20200817_15_42_52_Pro-5.jpg 
[2021-04-10 21:23:15 : INFO] - Could not find file for image: ID=138, file=/var/www/html/wp-content/uploads/2020/12/https-_specials-images.forbesimg.com_imageserve_5ec593cc431fb70007482137_0x0.jpgbackground000000cropX11321cropX23300cropY1114cropY22093-8.jpeg 
[2021-04-10 21:23:15 : INFO] - Could not find file for image: ID=137, file=/var/www/html/wp-content/uploads/2020/12/https-_specials-images.forbesimg.com_imageserve_5ec593cc431fb70007482137_0x0.jpgbackground000000cropX11321cropX23300cropY1114cropY22093-7.jpeg 
[2021-04-10 21:23:15 : INFO] - Could not find file for image: ID=135, file=/var/www/html/wp-content/uploads/2020/12/https-_specials-images.forbesimg.com_imageserve_5ec593cc431fb70007482137_0x0.jpgbackground000000cropX11321cropX23300cropY1114cropY22093-6.jpeg 
[2021-04-10 21:23:15 : INFO] - Could not find file for image: ID=134, file=/var/www/html/wp-content/uploads/2020/12/https-_specials-images.forbesimg.com_imageserve_5ec593cc431fb70007482137_0x0.jpgbackground000000cropX11321cropX23300cropY1114cropY22093-5.jpeg 
[2021-04-10 21:23:15 : INFO] - Could not find file for image: ID=133, file=/var/www/html/wp-content/uploads/2020/12/https-_specials-images.forbesimg.com_imageserve_5ec593cc431fb70007482137_0x0.jpgbackground000000cropX11321cropX23300cropY1114cropY22093-4.jpeg 
[2021-04-10 21:23:15 : INFO] - Could not find file for image: ID=131, file=/var/www/html/wp-content/uploads/2020/12/https-_specials-images.forbesimg.com_imageserve_5ec593cc431fb70007482137_0x0.jpgbackground000000cropX11321cropX23300cropY1114cropY22093-2.jpeg 
[2021-04-10 21:23:15 : INFO] - Could not find file for image: ID=130, file=/var/www/html/wp-content/uploads/2020/12/American-express.png 
[2021-04-10 21:23:15 : INFO] - Could not find file for image: ID=129, file=/var/www/html/wp-content/uploads/2020/12/https-_specials-images.forbesimg.com_imageserve_5ec593cc431fb70007482137_0x0.jpgbackground000000cropX11321cropX23300cropY1114cropY22093-1.jpeg 
[2021-04-10 21:23:15 : INFO] - Could not find file for image: ID=127, file=/var/www/html/wp-content/uploads/2020/12/CamScanner-07-13-2020-18.46.28_1.jpg 
[2021-04-10 21:23:15 : INFO] - Could not find file for image: ID=120, file=/var/www/html/wp-content/uploads/2020/12/images-2.jpeg 
[2021-04-10 21:23:15 : INFO] - Could not find file for image: ID=119, file=/var/www/html/wp-content/uploads/2020/12/https-_specials-images.forbesimg.com_imageserve_5ec593cc431fb70007482137_0x0.jpgbackground000000cropX11321cropX23300cropY1114cropY22093.jpeg 
[2021-04-10 21:23:15 : INFO] - Could not find file for image: ID=118, file=/var/www/html/wp-content/uploads/2020/12/CasesPS_devint2_06Oct2020_15.49_SCREEN.png 
[2021-04-10 21:23:39 : INFO] - Could not find file for image: ID=325, file=/var/www/html/wp-content/uploads/2020/12/Artboard-1.jpg 
[2021-04-10 21:23:39 : INFO] - Could not find file for image: ID=324, file=/var/www/html/wp-content/uploads/2020/12/back.jpeg 
[2021-04-10 21:23:39 : INFO] - Could not find file for image: ID=323, file=/var/www/html/wp-content/uploads/2020/12/eybl.jpg 
[2021-04-10 21:23:39 : INFO] - Could not find file for image: ID=322, file=/var/www/html/wp-content/uploads/2020/12/Screenshot-from-2021-03-04-17-36-55.png 
[2021-04-10 21:23:39 : INFO] - Could not find file for image: ID=320, file=/var/www/html/wp-content/uploads/2020/12/Normatecwidepic-2.jpg 
[2021-04-10 21:23:39 : INFO] - Could not find file for image: ID=319, file=/var/www/html/wp-content/uploads/2020/12/1_mk1-6aYaf_Bes1E3Imhc0A-3.jpeg 
[2021-04-10 21:23:39 : INFO] - Could not find file for image: ID=312, file=/var/www/html/wp-content/uploads/2020/12/college-logo.png 
[2021-04-10 21:23:39 : INFO] - Could not find file for image: ID=311, file=/var/www/html/wp-content/uploads/2020/12/dp.png 
[2021-04-10 21:23:39 : INFO] - Could not find file for image: ID=282, file=/var/www/html/wp-content/uploads/2020/12/Eng3-NanoVi-Device-preview.png 
[2021-04-10 21:23:39 : INFO] - Could not find file for image: ID=241, file=/var/www/html/wp-content/uploads/2020/12/Screenshot-from-2020-04-21-17-23-37.png 
[2021-04-10 21:23:39 : INFO] - Could not find file for image: ID=240, file=/var/www/html/wp-content/uploads/2020/12/Screenshot-from-2021-03-04-17-36-55.png 
[2021-04-10 21:23:39 : INFO] - Could not find file for image: ID=237, file=/var/www/html/wp-content/uploads/2020/12/banner05-1.png 
[2021-04-10 21:23:39 : INFO] - Could not find file for image: ID=233, file=/var/www/html/wp-content/uploads/2020/12/banner-coming-soon.png 
[2021-04-10 21:23:39 : INFO] - Could not find file for image: ID=229, file=/var/www/html/wp-content/uploads/2020/12/banner07.png 
[2021-04-10 21:23:39 : INFO] - Could not find file for image: ID=228, file=/var/www/html/wp-content/uploads/2020/12/banner05.png 
[2021-04-10 21:23:39 : INFO] - Could not find file for image: ID=227, file=/var/www/html/wp-content/uploads/2020/12/banner01-2.png 
[2021-04-10 21:23:39 : INFO] - Could not find file for image: ID=226, file=/var/www/html/wp-content/uploads/2020/12/banner01-1.png 
[2021-04-10 21:23:39 : INFO] - Could not find file for image: ID=224, file=/var/www/html/wp-content/uploads/2021/03/banner07.png 
[2021-04-10 21:23:39 : INFO] - Could not find file for image: ID=223, file=/var/www/html/wp-content/uploads/2021/03/banner-coming-soon.png 
[2021-04-10 21:23:39 : INFO] - Could not find file for image: ID=222, file=/var/www/html/wp-content/uploads/2021/03/banner05.png 
[2021-04-10 21:23:39 : INFO] - Could not find file for image: ID=221, file=/var/www/html/wp-content/uploads/2021/03/dp03.png 
[2021-04-10 21:23:39 : INFO] - Could not find file for image: ID=220, file=/var/www/html/wp-content/uploads/2021/03/dp02.png 
[2021-04-10 21:23:39 : INFO] - Could not find file for image: ID=214, file=/var/www/html/wp-content/uploads/2020/12/dp.png 
[2021-04-10 21:23:39 : INFO] - Could not find file for image: ID=212, file=/var/www/html/wp-content/uploads/2020/12/1_mk1-6aYaf_Bes1E3Imhc0A-3.jpeg 
[2021-04-10 21:23:39 : INFO] - Could not find file for image: ID=209, file=/var/www/html/wp-content/uploads/2020/12/banner04.png 
[2021-04-10 21:23:39 : INFO] - Could not find file for image: ID=208, file=/var/www/html/wp-content/uploads/2020/12/banner01-1.jpg 
[2021-04-10 21:23:39 : INFO] - Could not find file for image: ID=207, file=/var/www/html/wp-content/uploads/2020/12/banner06-1.png 
[2021-04-10 21:23:39 : INFO] - Could not find file for image: ID=206, file=/var/www/html/wp-content/uploads/2020/12/banner06.png 
[2021-04-10 21:23:39 : INFO] - Could not find file for image: ID=204, file=/var/www/html/wp-content/uploads/2020/12/banner-coming-soon.png 
[2021-04-10 21:23:39 : INFO] - Could not find file for image: ID=203, file=/var/www/html/wp-content/uploads/2020/12/image.png 
[2021-04-10 21:23:39 : INFO] - Could not find file for image: ID=201, file=/var/www/html/wp-content/uploads/2020/12/dp03.png 
[2021-04-10 21:23:39 : INFO] - Could not find file for image: ID=200, file=/var/www/html/wp-content/uploads/2020/12/1f44d.png 
[2021-04-10 21:23:39 : INFO] - Could not find file for image: ID=199, file=/var/www/html/wp-content/uploads/2020/12/Screenshot-from-2021-01-29-06-12-51-2.png 
[2021-04-10 21:23:39 : INFO] - Could not find file for image: ID=197, file=/var/www/html/wp-content/uploads/2020/12/Screenshot-from-2021-02-12-18-30-23-2.png 
[2021-04-10 21:23:39 : INFO] - Could not find file for image: ID=195, file=/var/www/html/wp-content/uploads/2020/12/Screenshot-from-2021-02-12-18-30-23-1.png 
[2021-04-10 21:23:39 : INFO] - Could not find file for image: ID=184, file=/var/www/html/wp-content/uploads/2021/02/dp03.png 
[2021-04-10 21:23:39 : INFO] - Could not find file for image: ID=183, file=/var/www/html/wp-content/uploads/2021/02/dp02.png 
[2021-04-10 21:23:39 : INFO] - Could not find file for image: ID=181, file=/var/www/html/wp-content/uploads/2020/12/https-_specials-images.forbesimg.com_imageserve_5ec593cc431fb70007482137_0x0.jpgbackground000000cropX11321cropX23300cropY1114cropY22093-10.jpeg 
[2021-04-10 21:23:39 : INFO] - Could not find file for image: ID=180, file=/var/www/html/wp-content/uploads/2020/12/storm_the_city.jpg 
[2021-04-10 21:23:39 : INFO] - Could not find file for image: ID=179, file=/var/www/html/wp-content/uploads/2020/12/WIN_20200817_15_42_52_Pro-12.jpg 
[2021-04-10 21:23:39 : INFO] - Could not find file for image: ID=177, file=/var/www/html/wp-content/uploads/2020/12/https-_specials-images.forbesimg.com_imageserve_5ec593cc431fb70007482137_0x0.jpgbackground000000cropX11321cropX23300cropY1114cropY22093-3.jpeg 
[2021-04-10 21:23:39 : INFO] - Could not find file for image: ID=170, file=/var/www/html/wp-content/uploads/2020/12/banner06.png 
[2021-04-10 21:23:39 : INFO] - Could not find file for image: ID=163, file=/var/www/html/wp-content/uploads/2020/12/WIN_20200817_15_42_52_Pro-11.jpg 
[2021-04-10 21:23:39 : INFO] - Could not find file for image: ID=161, file=/var/www/html/wp-content/uploads/2020/12/WIN_20200817_15_42_52_Pro-10.jpg 
[2021-04-10 21:23:39 : INFO] - Could not find file for image: ID=160, file=/var/www/html/wp-content/uploads/2020/12/WIN_20200817_15_42_52_Pro-9.jpg 
[2021-04-10 21:23:39 : INFO] - Could not find file for image: ID=151, file=/var/www/html/wp-content/uploads/2020/12/WIN_20200817_15_42_52_Pro-7.jpg 
[2021-04-10 21:23:39 : INFO] - Could not find file for image: ID=150, file=/var/www/html/wp-content/uploads/2020/12/WIN_20200817_15_42_52_Pro-6.jpg 
[2021-04-10 21:23:39 : INFO] - Could not find file for image: ID=142, file=/var/www/html/wp-content/uploads/2020/12/banner04.png 
[2021-04-10 21:23:39 : INFO] - Could not find file for image: ID=141, file=/var/www/html/wp-content/uploads/2020/12/WIN_20200817_15_42_52_Pro-5.jpg 
[2021-04-10 21:23:39 : INFO] - Could not find file for image: ID=138, file=/var/www/html/wp-content/uploads/2020/12/https-_specials-images.forbesimg.com_imageserve_5ec593cc431fb70007482137_0x0.jpgbackground000000cropX11321cropX23300cropY1114cropY22093-8.jpeg 
[2021-04-10 21:23:39 : INFO] - Could not find file for image: ID=137, file=/var/www/html/wp-content/uploads/2020/12/https-_specials-images.forbesimg.com_imageserve_5ec593cc431fb70007482137_0x0.jpgbackground000000cropX11321cropX23300cropY1114cropY22093-7.jpeg 
[2021-04-10 21:23:39 : INFO] - Could not find file for image: ID=135, file=/var/www/html/wp-content/uploads/2020/12/https-_specials-images.forbesimg.com_imageserve_5ec593cc431fb70007482137_0x0.jpgbackground000000cropX11321cropX23300cropY1114cropY22093-6.jpeg 
[2021-04-10 21:23:39 : INFO] - Could not find file for image: ID=134, file=/var/www/html/wp-content/uploads/2020/12/https-_specials-images.forbesimg.com_imageserve_5ec593cc431fb70007482137_0x0.jpgbackground000000cropX11321cropX23300cropY1114cropY22093-5.jpeg 
[2021-04-10 21:23:39 : INFO] - Could not find file for image: ID=133, file=/var/www/html/wp-content/uploads/2020/12/https-_specials-images.forbesimg.com_imageserve_5ec593cc431fb70007482137_0x0.jpgbackground000000cropX11321cropX23300cropY1114cropY22093-4.jpeg 
[2021-04-10 21:23:39 : INFO] - Could not find file for image: ID=131, file=/var/www/html/wp-content/uploads/2020/12/https-_specials-images.forbesimg.com_imageserve_5ec593cc431fb70007482137_0x0.jpgbackground000000cropX11321cropX23300cropY1114cropY22093-2.jpeg 
[2021-04-10 21:23:39 : INFO] - Could not find file for image: ID=130, file=/var/www/html/wp-content/uploads/2020/12/American-express.png 
[2021-04-10 21:23:39 : INFO] - Could not find file for image: ID=129, file=/var/www/html/wp-content/uploads/2020/12/https-_specials-images.forbesimg.com_imageserve_5ec593cc431fb70007482137_0x0.jpgbackground000000cropX11321cropX23300cropY1114cropY22093-1.jpeg 
[2021-04-10 21:23:39 : INFO] - Could not find file for image: ID=127, file=/var/www/html/wp-content/uploads/2020/12/CamScanner-07-13-2020-18.46.28_1.jpg 
[2021-04-10 21:23:39 : INFO] - Could not find file for image: ID=120, file=/var/www/html/wp-content/uploads/2020/12/images-2.jpeg 
[2021-04-10 21:23:39 : INFO] - Could not find file for image: ID=119, file=/var/www/html/wp-content/uploads/2020/12/https-_specials-images.forbesimg.com_imageserve_5ec593cc431fb70007482137_0x0.jpgbackground000000cropX11321cropX23300cropY1114cropY22093.jpeg 
[2021-04-10 21:23:39 : INFO] - Could not find file for image: ID=118, file=/var/www/html/wp-content/uploads/2020/12/CasesPS_devint2_06Oct2020_15.49_SCREEN.png 
[2021-05-05 18:16:17 : INFO] - Re_Smush_It_Task with attachment ID : 365, autocreated on : May 05, 2021 06:16:17 
[2021-05-05 18:16:38 : INFO] - Re_Smush_It_Task with attachment ID : 366, autocreated on : May 05, 2021 06:16:38 
[2021-05-05 18:16:55 : INFO] - Re_Smush_It_Task with attachment ID : 367, autocreated on : May 05, 2021 06:16:55 
[2021-05-05 18:22:32 : INFO] - 
 
[2021-05-05 18:22:32 : INFO] - Header for logs at time:  Wed, 05 May 2021 18:22:32 +0000 on https://collegebound.app 
[2021-05-05 18:22:32 : INFO] - WP: 5.7 
[2021-05-05 18:22:32 : INFO] - PHP: 7.2.24-0ubuntu0.18.04.7 (fpm-fcgi, Linux ip-172-31-27-118 5.4.0-1041-aws #43~18.04.1-Ubuntu SMP Sat Mar 20 15:47:52 UTC 2021 x86_64) 
[2021-05-05 18:22:32 : INFO] - MySQL: 8.0.20 
[2021-05-05 18:22:32 : INFO] - WPLANG: en_US 
[2021-05-05 18:22:32 : INFO] - Server: nginx/1.14.0 
[2021-05-05 18:22:32 : INFO] - Outbound connections: N 
[2021-05-05 18:22:32 : INFO] - safe_mode: 0 
[2021-05-05 18:22:32 : INFO] - max_execution_time: 30 
[2021-05-05 18:22:32 : INFO] - memory_limit: 128M (used: 4.3M | 2M) 
[2021-05-05 18:22:32 : INFO] - multisite: N 
[2021-05-05 18:22:32 : INFO] - openssl: OpenSSL 1.1.1  11 Sep 2018 
[2021-05-05 18:22:32 : INFO] - A total of 3 tasks of type smush found and will be processed in this iteration 
[2021-05-05 18:22:32 : INFO] - Set semaphore last lock (smush) time to 2021-05-05 18:22:32 
[2021-05-05 18:22:32 : INFO] - Semaphore lock (smush) complete 
[2021-05-05 18:22:32 : INFO] - Processing task with ID : 1, and type 'smush' 
[2021-05-05 18:22:32 : INFO] - Re_Smush_It_Task with attachment ID : 365, autocreated on : May 05, 2021 06:16:17 
[2021-05-05 18:22:32 : INFO] - 95 
[2021-05-05 18:22:33 : INFO] - Backing up the original image - 2020/12/College-Bound-Logo-updraft-pre-smush-original.png 
[2021-05-05 18:22:33 : INFO] - Successfully optimized the image - /var/www/html/wp-content/uploads/2020/12/College-Bound-Logo.png.The file was compressed from 45.51 KB to 17.42 KB saving 61.71 percent using WP-Optimize 
[2021-05-05 18:22:33 : INFO] - Completed processing task with ID : 1, and type 'smush' 
[2021-05-05 18:22:34 : INFO] - Processing task with ID : 2, and type 'smush' 
[2021-05-05 18:22:34 : INFO] - Re_Smush_It_Task with attachment ID : 366, autocreated on : May 05, 2021 06:16:38 
[2021-05-05 18:22:34 : INFO] - 95 
[2021-05-05 18:22:43 : INFO] - Backing up the original image - 2020/12/College-Bound-Logo-1-updraft-pre-smush-original.png 
[2021-05-05 18:22:43 : INFO] - Successfully optimized the image - /var/www/html/wp-content/uploads/2020/12/College-Bound-Logo-1.png.The file was compressed from 45.51 KB to 17.42 KB saving 61.71 percent using WP-Optimize 
[2021-05-05 18:22:43 : INFO] - Completed processing task with ID : 2, and type 'smush' 
[2021-05-05 18:22:43 : INFO] - Processing task with ID : 3, and type 'smush' 
[2021-05-05 18:22:43 : INFO] - Re_Smush_It_Task with attachment ID : 367, autocreated on : May 05, 2021 06:16:55 
[2021-05-05 18:22:43 : INFO] - 95 
[2021-05-05 18:22:45 : INFO] - Backing up the original image - 2020/12/College-Bound-Logo-2-updraft-pre-smush-original.png 
[2021-05-05 18:22:45 : INFO] - Successfully optimized the image - /var/www/html/wp-content/uploads/2020/12/College-Bound-Logo-2.png.The file was compressed from 45.51 KB to 17.42 KB saving 61.71 percent using WP-Optimize 
[2021-05-05 18:22:45 : INFO] - Completed processing task with ID : 3, and type 'smush' 
[2021-05-05 18:22:45 : INFO] - Decremented the semaphore (smush) by 1 
[2021-05-05 18:22:45 : INFO] - Semaphore (smush) unlocked 
[2021-05-05 18:22:45 : INFO] - Successfully processed the queue (smush). 3 tasks were processed out of 3. 
[2021-05-05 18:22:45 : INFO] - Semaphore (smush, wp_options) was successfully cleaned up 
[2021-05-05 18:22:45 : INFO] - Cleaning up tasks of type (smush). A total of 3 tasks will be deleted. 
[2021-05-05 18:30:29 : INFO] - Re_Smush_It_Task with attachment ID : 368, autocreated on : May 05, 2021 06:30:29 
[2021-05-05 18:31:01 : INFO] - Re_Smush_It_Task with attachment ID : 369, autocreated on : May 05, 2021 06:31:01 
[2021-05-05 18:32:56 : INFO] - 
 
[2021-05-05 18:32:56 : INFO] - Header for logs at time:  Wed, 05 May 2021 18:32:56 +0000 on https://collegebound.app 
[2021-05-05 18:32:56 : INFO] - WP: 5.7 
[2021-05-05 18:32:56 : INFO] - PHP: 7.2.24-0ubuntu0.18.04.7 (fpm-fcgi, Linux ip-172-31-27-118 5.4.0-1041-aws #43~18.04.1-Ubuntu SMP Sat Mar 20 15:47:52 UTC 2021 x86_64) 
[2021-05-05 18:32:56 : INFO] - MySQL: 8.0.20 
[2021-05-05 18:32:56 : INFO] - WPLANG: en_US 
[2021-05-05 18:32:56 : INFO] - Server: nginx/1.14.0 
[2021-05-05 18:32:56 : INFO] - Outbound connections: N 
[2021-05-05 18:32:56 : INFO] - safe_mode: 0 
[2021-05-05 18:32:56 : INFO] - max_execution_time: 30 
[2021-05-05 18:32:56 : INFO] - memory_limit: 128M (used: 4.3M | 2M) 
[2021-05-05 18:32:56 : INFO] - multisite: N 
[2021-05-05 18:32:56 : INFO] - openssl: OpenSSL 1.1.1  11 Sep 2018 
[2021-05-05 18:32:56 : INFO] - A total of 2 tasks of type smush found and will be processed in this iteration 
[2021-05-05 18:32:56 : INFO] - Set semaphore last lock (smush) time to 2021-05-05 18:32:56 
[2021-05-05 18:32:56 : INFO] - Semaphore lock (smush) complete 
[2021-05-05 18:32:56 : INFO] - Processing task with ID : 4, and type 'smush' 
[2021-05-05 18:32:56 : INFO] - Re_Smush_It_Task with attachment ID : 368, autocreated on : May 05, 2021 06:30:29 
[2021-05-05 18:32:56 : INFO] - 95 
[2021-05-05 18:33:02 : INFO] - Task with ID 4 and type (smush) failed with error code invalid_response - The compression apparently succeeded, but WP-Optimize could not retrieve the compressed image from the remote server. 
[2021-05-05 18:33:02 : INFO] - data: {"src":"http:\/\/par2.static.resmush.it\/7aa2926c8e6d559d67eb1577077de2de\/_src_College-Bound-Logo-3.png","dest":"http:\/\/par2.static.resmush.it\/7aa2926c8e6d559d67eb1577077de2de\/College-Bound-Logo-3.png","src_size":46605,"dest_size":17843,"percent":62,"output":"json","expires":"Wed, 05 May 2021 20:37:57 +0200","generator":"reSmush.it rev.3.0.4.20210124"} 
[2021-05-05 18:33:02 : INFO] - Processing task with ID : 5, and type 'smush' 
[2021-05-05 18:33:02 : INFO] - Re_Smush_It_Task with attachment ID : 369, autocreated on : May 05, 2021 06:31:01 
[2021-05-05 18:33:02 : INFO] - 95 
[2021-05-05 18:33:04 : INFO] - Backing up the original image - 2020/12/ASHLEY-CHEA-TEST-updraft-pre-smush-original.png 
[2021-05-05 18:33:04 : INFO] - Successfully optimized the image - /var/www/html/wp-content/uploads/2020/12/ASHLEY-CHEA-TEST.png.The file was compressed from 561.44 KB to 242.03 KB saving 56.89 percent using WP-Optimize 
[2021-05-05 18:33:04 : INFO] - Completed processing task with ID : 5, and type 'smush' 
[2021-05-05 18:33:04 : INFO] - Decremented the semaphore (smush) by 1 
[2021-05-05 18:33:04 : INFO] - Semaphore (smush) unlocked 
[2021-05-05 18:33:04 : INFO] - Successfully processed the queue (smush). 2 tasks were processed out of 2. 
[2021-05-05 18:33:04 : INFO] - Semaphore (smush, wp_options) was successfully cleaned up 
[2021-05-05 18:33:04 : INFO] - Cleaning up tasks of type (smush). A total of 2 tasks will be deleted. 
[2021-05-05 18:38:13 : INFO] - Re_Smush_It_Task with attachment ID : 370, autocreated on : May 05, 2021 06:38:13 
[2021-05-05 18:39:45 : INFO] - Re_Smush_It_Task with attachment ID : 371, autocreated on : May 05, 2021 06:39:45 
[2021-05-05 18:43:12 : INFO] - 
 
[2021-05-05 18:43:12 : INFO] - Header for logs at time:  Wed, 05 May 2021 18:43:12 +0000 on https://collegebound.app 
[2021-05-05 18:43:12 : INFO] - WP: 5.7 
[2021-05-05 18:43:12 : INFO] - PHP: 7.2.24-0ubuntu0.18.04.7 (fpm-fcgi, Linux ip-172-31-27-118 5.4.0-1041-aws #43~18.04.1-Ubuntu SMP Sat Mar 20 15:47:52 UTC 2021 x86_64) 
[2021-05-05 18:43:12 : INFO] - MySQL: 8.0.20 
[2021-05-05 18:43:12 : INFO] - WPLANG: en_US 
[2021-05-05 18:43:12 : INFO] - Server: nginx/1.14.0 
[2021-05-05 18:43:12 : INFO] - Outbound connections: N 
[2021-05-05 18:43:12 : INFO] - safe_mode: 0 
[2021-05-05 18:43:12 : INFO] - max_execution_time: 30 
[2021-05-05 18:43:12 : INFO] - memory_limit: 128M (used: 4.3M | 2M) 
[2021-05-05 18:43:12 : INFO] - multisite: N 
[2021-05-05 18:43:12 : INFO] - openssl: OpenSSL 1.1.1  11 Sep 2018 
[2021-05-05 18:43:12 : INFO] - A total of 2 tasks of type smush found and will be processed in this iteration 
[2021-05-05 18:43:12 : INFO] - Set semaphore last lock (smush) time to 2021-05-05 18:43:12 
[2021-05-05 18:43:12 : INFO] - Semaphore lock (smush) complete 
[2021-05-05 18:43:12 : INFO] - Processing task with ID : 6, and type 'smush' 
[2021-05-05 18:43:12 : INFO] - Re_Smush_It_Task with attachment ID : 370, autocreated on : May 05, 2021 06:38:13 
[2021-05-05 18:43:12 : INFO] - 95 
[2021-05-05 18:43:16 : INFO] - Backing up the original image - 2020/12/AZ-Bound-Logo-updraft-pre-smush-original.png 
[2021-05-05 18:43:16 : INFO] - Successfully optimized the image - /var/www/html/wp-content/uploads/2020/12/AZ-Bound-Logo.png.The file was compressed from 99.97 KB to 27.01 KB saving 72.98 percent using WP-Optimize 
[2021-05-05 18:43:16 : INFO] - Completed processing task with ID : 6, and type 'smush' 
[2021-05-05 18:43:16 : INFO] - Processing task with ID : 7, and type 'smush' 
[2021-05-05 18:43:17 : INFO] - Re_Smush_It_Task with attachment ID : 371, autocreated on : May 05, 2021 06:39:45 
[2021-05-05 18:43:17 : INFO] - 95 
[2021-05-05 18:43:17 : INFO] - Backing up the original image - 2020/12/43473960131_d86dac4eae_z-updraft-pre-smush-original.jpeg 
[2021-05-05 18:43:17 : INFO] - Successfully optimized the image - /var/www/html/wp-content/uploads/2020/12/43473960131_d86dac4eae_z.jpeg.The file was compressed from 31.39 KB to 27.70 KB saving 11.76 percent using WP-Optimize 
[2021-05-05 18:43:17 : INFO] - Completed processing task with ID : 7, and type 'smush' 
[2021-05-05 18:43:17 : INFO] - Decremented the semaphore (smush) by 1 
[2021-05-05 18:43:17 : INFO] - Semaphore (smush) unlocked 
[2021-05-05 18:43:17 : INFO] - Successfully processed the queue (smush). 2 tasks were processed out of 2. 
[2021-05-05 18:43:17 : INFO] - Semaphore (smush, wp_options) was successfully cleaned up 
[2021-05-05 18:43:17 : INFO] - Cleaning up tasks of type (smush). A total of 2 tasks will be deleted. 
[2021-05-05 18:55:52 : INFO] - 
 
[2021-05-05 18:55:52 : INFO] - Header for logs at time:  Wed, 05 May 2021 18:55:52 +0000 on https://collegebound.app 
[2021-05-05 18:55:52 : INFO] - WP: 5.7 
[2021-05-05 18:55:52 : INFO] - PHP: 7.2.24-0ubuntu0.18.04.7 (fpm-fcgi, Linux ip-172-31-27-118 5.4.0-1041-aws #43~18.04.1-Ubuntu SMP Sat Mar 20 15:47:52 UTC 2021 x86_64) 
[2021-05-05 18:55:52 : INFO] - MySQL: 8.0.20 
[2021-05-05 18:55:52 : INFO] - WPLANG: en_US 
[2021-05-05 18:55:52 : INFO] - Server: nginx/1.14.0 
[2021-05-05 18:55:52 : INFO] - Outbound connections: N 
[2021-05-05 18:55:52 : INFO] - safe_mode: 0 
[2021-05-05 18:55:52 : INFO] - max_execution_time: 30 
[2021-05-05 18:55:52 : INFO] - memory_limit: 128M (used: 4.3M | 2M) 
[2021-05-05 18:55:52 : INFO] - multisite: N 
[2021-05-05 18:55:52 : INFO] - openssl: OpenSSL 1.1.1  11 Sep 2018 
[2021-05-05 18:55:52 : INFO] - The queue for tasks of type "smush" is empty. Aborting! 
